sample.interval=20000
"scan" "read.table" "SS_output2" 
"scan" "read.table" "SS_output2" 
"scan" "read.table" "SS_output2" 
"scan" "read.table" "SS_output2" 
"scan" "read.table" "SS_output2" 
"scan" "read.table" "SS_output2" 
"scan" "read.table" "SS_output2" 
"scan" "read.table" "SS_output2" 
"scan" "read.table" "SS_output2" 
"scan" "read.table" "SS_output2" 
"scan" "read.table" "SS_output2" 
"scan" "read.table" "SS_output2" 
"scan" "read.table" "SS_output2" 
"scan" "read.table" "SS_output2" 
"scan" "read.table" "SS_output2" 
"scan" "read.table" "SS_output2" 
"scan" "read.table" "SS_output2" 
"scan" "read.table" "SS_output2" 
"scan" "read.table" "SS_output2" 
"scan" "read.table" "SS_output2" 
"scan" "read.table" "SS_output2" 
"scan" "read.table" "SS_output2" 
"scan" "read.table" "SS_output2" 
"scan" "read.table" "SS_output2" 
"scan" "read.table" "SS_output2" 
"scan" "read.table" "SS_output2" 
"scan" "read.table" "SS_output2" 
"unlist" "as.matrix.data.frame" "as.matrix" "apply" "SS_output2" 
"unlist" "as.matrix.data.frame" "as.matrix" "apply" "SS_output2" 
"aperm.default" "aperm" "apply" "SS_output2" 
"aperm.default" "aperm" "apply" "SS_output2" 
"aperm.default" "aperm" "apply" "SS_output2" 
"aperm.default" "aperm" "apply" "SS_output2" 
"aperm.default" "aperm" "apply" "SS_output2" 
"apply" "SS_output2" 
"apply" "SS_output2" 
"apply" "SS_output2" 
"FUN" "apply" "SS_output2" 
"FUN" "apply" "SS_output2" 
"FUN" "apply" "SS_output2" 
"FUN" "apply" "SS_output2" 
"flush.console" "SS_output2" 
"aperm" "apply" "[.data.frame" "[" "matchfun2" "SS_output2" 
"%in%" "[[.data.frame" "[[" "Ops.data.frame" "==" "[<-.data.frame" "[<-" "SS_output2" 
"scan" "read.table" "SS_output2" 
"scan" "read.table" "SS_output2" 
"scan" "read.table" "SS_output2" 
"scan" "read.table" "SS_output2" 
"scan" "read.table" "SS_output2" 
"scan" "read.table" "SS_output2" 
"scan" "read.table" "SS_output2" 
"scan" "read.table" "SS_output2" 
"scan" "read.table" "SS_output2" 
"scan" "read.table" "SS_output2" 
"scan" "read.table" "SS_output2" 
"scan" "read.table" "SS_output2" 
"scan" "read.table" "SS_output2" 
"scan" "read.table" "SS_output2" 
"scan" "read.table" "SS_output2" 
"scan" "read.table" "SS_output2" 
"scan" "read.table" "SS_output2" 
"scan" "read.table" "SS_output2" 
"scan" "read.table" "SS_output2" 
"scan" "read.table" "SS_output2" 
"[.data.frame" "[" "SS_output2" 
"[.data.frame" "[" "SS_output2" 
"FUN" "eval" "eval" "Ops.data.frame" "==" "[<-.data.frame" "[<-" "SS_output2" 
"matrix" "Ops.data.frame" "==" "[<-.data.frame" "[<-" "SS_output2" 
"[<-.data.frame" "[<-" "SS_output2" 
"as.numeric" "SS_output2" 
"as.numeric" "SS_output2" 
"as.numeric" "SS_output2" 
"as.numeric" "SS_output2" 
"as.numeric" "SS_output2" 
"as.numeric" "SS_output2" 
"as.numeric" "SS_output2" 
"[.data.frame" "[" "SS_output2" 
"[.data.frame" "[" "SS_output2" 
"&" "[.data.frame" "[" "SS_output2" 
"flush.console" "SS_output2" 
"substring" "matchfun2" "SS_output2" 
"unlist" "matrix" "Ops.data.frame" "==" "[<-.data.frame" "[<-" "SS_output2" 
"scan" "read.table" "SS_output2" 
"scan" "read.table" "SS_output2" 
"scan" "read.table" "SS_output2" 
"substring" "matchfun2" "SS_output2" 
"as.numeric" "SS_output2" 
"<Anonymous>" "[[.data.frame" "[[" "[.data.frame" "[" "matchfun2" "SS_output2" 
"apply" "[.data.frame" "[" "matchfun2" "SS_output2" 
"FUN" "apply" "[.data.frame" "[" "matchfun2" "SS_output2" 
"substring" "matchfun2" "SS_output2" 
"substring" "matchfun2" "SS_output2" 
"as.numeric" "SS_output2" 
"substring" "matchfun2" "SS_output2" 
"[[" "[.data.frame" "[" "matchfun2" "SS_output2" 
"%in%" "[[.data.frame" "[[" "[.data.frame" "[" "matchfun2" "SS_output2" 
"[.data.frame" "[" "matchfun2" "SS_output2" 
"aperm.default" "aperm" "apply" "[.data.frame" "[" "matchfun2" "SS_output2" 
"apply" "[.data.frame" "[" "matchfun2" "SS_output2" 
"[.data.frame" "[" "matchfun2" "SS_output2" 
"as.numeric" "SS_output2" 
"as.numeric" "SS_output2" 
"[<-.data.frame" "[<-" "SS_output2" 
"matrix" "Ops.data.frame" "==" "[<-.data.frame" "[<-" "matchfun2" "SS_output2" 
"FUN" "apply" "[.data.frame" "[" "matchfun2" "SS_output2" 
"%in%" "[[.data.frame" "[[" "[.data.frame" "[" "matchfun2" "SS_output2" 
"%in%" "[[.data.frame" "[[" "[.data.frame" "[" "matchfun2" "SS_output2" 
"%in%" "[[.data.frame" "[[" "[.data.frame" "[" "matchfun2" "SS_output2" 
"flush.console" "SS_output2" 
"[" "SS_output2" 
"as.numeric" "SS_output2" 
"<Anonymous>" "[[.data.frame" "[[" "[.data.frame" "[" "SS_output2" 
"[<-" "SS_output2" 
"sys.function" "formals" "match.arg" "order" "[<-.data.frame" "[<-" "SS_output2" 
"[.data.frame" "[" "matchfun2" "SS_output2" 
"apply" "[.data.frame" "[" "matchfun2" "SS_output2" 
"FUN" "apply" "[.data.frame" "[" "SS_output2" 
"as.numeric" "SS_output2" 
"substring" "matchfun2" "SS_output2" 
"eval" "Ops.data.frame" "==" "[<-.data.frame" "[<-" "matchfun2" "SS_output2" 
"substring" "matchfun2" "SS_output2" 
"[.data.frame" "[" "SS_output2" 
"$" "substring" "[.data.frame" "[" "SS_output2" 
"$" "substring" "[.data.frame" "[" "SS_output2" 
"$" "substring" "[.data.frame" "[" "SS_output2" 
